<?xml version="1.0" encoding="UTF-8"?>
<testng-results skipped="0" failed="0" ignored="0" total="2" passed="2">
  <reporter-output>
  </reporter-output>
  <suite name="Suite" duration-ms="38705" started-at="2019-06-19T20:00:25Z" finished-at="2019-06-19T20:01:04Z">
    <groups>
    </groups>
    <test name="Test" duration-ms="38705" started-at="2019-06-19T20:00:25Z" finished-at="2019-06-19T20:01:04Z">
      <class name="com.qa.tests.HomePageTest">
        <test-method status="PASS" signature="init()[pri:0, instance:com.qa.tests.HomePageTest@f6c48ac]" name="init" is-config="true" duration-ms="30876" started-at="2019-06-19T20:00:25Z" finished-at="2019-06-19T20:00:56Z">
          <reporter-output>
          </reporter-output>
        </test-method> <!-- init -->
        <test-method status="PASS" signature="clickMyRecord()[pri:0, instance:com.qa.tests.HomePageTest@f6c48ac]" name="clickMyRecord" duration-ms="6613" started-at="2019-06-19T20:00:56Z" finished-at="2019-06-19T20:01:03Z">
          <reporter-output>
          </reporter-output>
        </test-method> <!-- clickMyRecord -->
        <test-method status="PASS" signature="tearDown()[pri:0, instance:com.qa.tests.HomePageTest@f6c48ac]" name="tearDown" is-config="true" duration-ms="1169" started-at="2019-06-19T20:01:03Z" finished-at="2019-06-19T20:01:04Z">
          <reporter-output>
          </reporter-output>
        </test-method> <!-- tearDown -->
      </class> <!-- com.qa.tests.HomePageTest -->
      <class name="com.qa.tests.LoginPageTest">
        <test-method status="PASS" signature="init()[pri:0, instance:com.qa.tests.LoginPageTest@464bee09]" name="init" is-config="true" duration-ms="19448" started-at="2019-06-19T20:00:25Z" finished-at="2019-06-19T20:00:45Z">
          <reporter-output>
          </reporter-output>
        </test-method> <!-- init -->
        <test-method status="PASS" signature="LoginTest()[pri:0, instance:com.qa.tests.LoginPageTest@464bee09]" name="LoginTest" duration-ms="15504" started-at="2019-06-19T20:00:45Z" finished-at="2019-06-19T20:01:00Z">
          <reporter-output>
          </reporter-output>
        </test-method> <!-- LoginTest -->
        <test-method status="PASS" signature="tearDown()[pri:0, instance:com.qa.tests.LoginPageTest@464bee09]" name="tearDown" is-config="true" duration-ms="1219" started-at="2019-06-19T20:01:00Z" finished-at="2019-06-19T20:01:01Z">
          <reporter-output>
          </reporter-output>
        </test-method> <!-- tearDown -->
      </class> <!-- com.qa.tests.LoginPageTest -->
    </test> <!-- Test -->
  </suite> <!-- Suite -->
</testng-results>
