<?xml version="1.0" encoding="UTF-8"?>
<testng-results skipped="0" failed="0" ignored="0" total="1" passed="1">
  <reporter-output>
  </reporter-output>
  <suite name="Default suite" duration-ms="23415" started-at="2019-06-20T15:44:41Z" finished-at="2019-06-20T15:45:04Z">
    <groups>
    </groups>
    <test name="Default test" duration-ms="23415" started-at="2019-06-20T15:44:41Z" finished-at="2019-06-20T15:45:04Z">
      <class name="com.qa.tests.LoginPageTest">
        <test-method status="PASS" signature="init()[pri:0, instance:com.qa.tests.LoginPageTest@59ec2012]" name="init" is-config="true" duration-ms="10681" started-at="2019-06-20T15:44:41Z" finished-at="2019-06-20T15:44:52Z">
          <reporter-output>
          </reporter-output>
        </test-method> <!-- init -->
        <test-method status="PASS" signature="LoginTest()[pri:0, instance:com.qa.tests.LoginPageTest@59ec2012]" name="LoginTest" duration-ms="11338" started-at="2019-06-20T15:44:52Z" finished-at="2019-06-20T15:45:03Z">
          <reporter-output>
          </reporter-output>
        </test-method> <!-- LoginTest -->
        <test-method status="PASS" signature="tearDown(org.testng.ITestResult)[pri:0, instance:com.qa.tests.LoginPageTest@59ec2012]" name="tearDown" is-config="true" duration-ms="1328" started-at="2019-06-20T15:45:03Z" finished-at="2019-06-20T15:45:04Z">
          <params>
            <param index="0">
              <value>
                <![CDATA[[TestResult name=LoginTest status=SUCCESS method=LoginPageTest.LoginTest()[pri:0, instance:com.qa.tests.LoginPageTest@59ec2012] output={null}]]]>
              </value>
            </param>
          </params>
          <reporter-output>
          </reporter-output>
        </test-method> <!-- tearDown -->
      </class> <!-- com.qa.tests.LoginPageTest -->
    </test> <!-- Default test -->
  </suite> <!-- Default suite -->
</testng-results>
